# cur_yr
2022
# styr
2007
# endyr
2024
# ndat
2
# nyrs_data
 14 15
# yrs_data
 2007 2008 2009 2010 2011 2012 2013 2014 2015 2016 2017 2018 2020 2021
 2007 2008 2009 2010 2011 2012 2013 2014 2015 2016 2017 2018 2019 2021 2022
# age_st
0
# age_end
10
# wt_obs
 0.012 0.437448 0.622626 1.61875 2.30224 3.37373 5.49192 7.12583 9.48873 13.0426 11.2976
 0.012 0.437448 0.813313 1.69152 2.46015 3.24702 4.17511 5.57968 6.94008 8.53357 10.2792
 0.012 0.437448 0.738762 1.59228 2.27759 3.22386 4.09934 5.22525 6.30723 8.98774 10.2631
 0.012 0.437448 0.73807 1.55481 2.48106 3.21122 4.10057 5.26642 5.93841 5.8842 10.336
 0.012 0.437448 0.783618 1.34949 2.33616 3.28404 4.22732 6.13092 7.01607 6.33411 7.62037
 0.012 0.437448 0.624298 1.30116 2.11156 2.99153 4.11581 4.63952 6.49791 6.56287 7.93769
 0.012 0.437448 0.700309 1.52581 2.20544 3.17619 4.37553 5.34824 6.69613 10.716 13.2948
 0.012 0.437448 0.555961 1.37932 2.34027 3.24104 4.36418 5.35299 6.43975 6.48639 11.1608
 0.012 0.437448 0.572582 1.40761 2.25705 3.22122 4.37872 5.42984 5.94519 7.81638 8.44426
 0.012 0.437448 0.861566 1.33051 2.14162 3.2134 4.36555 5.56982 6.7392 12.395 10.3377
 0.012 0.437448 0.861566 1.71337 2.44138 3.38196 4.35335 6.27245 10.5805 7.32871 10.3377
 0.012 0.437448 1.06248 1.8222 2.73025 3.56584 4.71282 5.86476 8.00052 8.1705 10.3377
 0.012 0.437448 0.733962 1.51304 2.47239 3.12429 4.35047 5.64656 7.10166 8.62422 10.5851
 0.012 0.437448 0.733962 1.42771 2.18128 3.47983 4.61777 6.0864 7.24181 8.71709 8.46871
 0.005 0.0733933 0.413062 1.02638 1.87111 3.03019 4.27258 5.68425 7.45739 7.91275 9.33944
 0.005 0.0470922 0.270443 0.810795 1.83338 2.83728 3.77858 5.58907 6.92169 7.55618 10.3003
 0.005 0.0444144 0.27261 0.863477 1.79701 2.65374 3.66114 4.75809 5.8344 7.58596 8.93785
 0.005 0.0384706 0.292173 0.864496 1.92515 2.88936 3.98653 5.15308 6.76711 7.38803 8.57648
 0.005 0.0613276 0.326919 0.958765 1.88383 3.14485 4.09865 5.10973 6.50375 7.52692 9.46162
 0.005 0.0436539 0.319353 0.840548 1.73684 3.00205 4.14272 4.98224 7.32483 7.2354 10.2606
 0.005 0.0346015 0.264803 0.887773 1.54828 2.97921 4.00412 6.11604 6.51752 8.3968 10.3701
 0.005 0.0610984 0.33452 0.925935 1.80631 3.07612 4.214 5.11037 7.24139 7.39578 8.5093
 0.005 0.0876071 0.417519 0.990358 1.86726 2.90469 4.36516 5.78574 7.33675 10.6042 10.7243
 0.005 0.110878 0.448518 1.04552 1.70065 3.048 4.22116 6.2113 8.10731 8.62183 10.9233
 0.005 0.0991681 0.465057 1.11954 1.97598 3.02001 4.59375 5.51274 8.8061 6.1895 9.55
 0.005 0.12076 0.457614 0.976284 2.04067 3.21797 4.66009 6.62299 8.44682 6.12367 12.44
 0.005 0.115221 0.717922 1.51263 2.28241 3.38611 4.54851 5.83884 8.425 8.2475 6.14833
 0.005 0.104305 0.566951 1.14828 1.72926 3.29452 4.35725 6.1864 7.27898 8.36183 8.78
 0.005 0.0589091 0.628467 1.42493 2.06845 2.96869 5.18451 6.60291 8.89175 9.545 5.77
# sd_obs
 0.0012 0.0437448 0.0622626 0.161875 0.230224 0.337373 0.549192 0.712583 0.948873 1.30426 1.12976
 0.0012 0.0437448 0.0813313 0.169152 0.246015 0.324702 0.417511 0.557968 0.694008 0.853357 1.02792
 0.0012 0.0437448 0.0738762 0.159228 0.22776 0.322386 0.409934 0.522525 0.630723 0.898774 1.02631
 0.0012 0.0437448 0.0738069 0.155481 0.248106 0.321122 0.410057 0.526642 0.593841 0.58842 1.0336
 0.0012 0.0437448 0.0783618 0.134949 0.233616 0.328404 0.422732 0.613092 0.701607 0.63341 0.762037
 0.0012 0.0437448 0.0624298 0.130116 0.211156 0.299153 0.411581 0.463952 0.649791 0.656287 0.793769
 0.0012 0.0437448 0.0700309 0.152581 0.220544 0.317619 0.437553 0.534824 0.669613 1.0716 1.32948
 0.0012 0.0437448 0.0555961 0.137932 0.234027 0.324104 0.436418 0.535299 0.643975 0.64864 1.11608
 0.0012 0.0437448 0.0572582 0.140761 0.225705 0.322122 0.437872 0.542984 0.594519 0.781638 0.844426
 0.0012 0.0437448 0.0861566 0.133051 0.214162 0.32134 0.436555 0.556982 0.67392 1.2395 1.03377
 0.0012 0.0437448 0.0861566 0.171337 0.244138 0.338196 0.435335 0.627245 1.05805 0.73287 1.03377
 0.0012 0.0437448 0.106248 0.18222 0.273025 0.356584 0.471282 0.586476 0.800052 0.81705 1.03377
 0.0012 0.0437448 0.0733962 0.151304 0.247239 0.312429 0.435047 0.564656 0.710166 0.862422 1.05851
 0.0012 0.0437448 0.0733962 0.142771 0.218128 0.347983 0.461777 0.60864 0.724181 0.871709 0.846871
 0.0005 0.00733933 0.0413062 0.102638 0.187111 0.303019 0.427258 0.568425 0.745739 0.791275 0.933944
 0.0005 0.00470922 0.0270443 0.0810795 0.183338 0.283728 0.377858 0.558907 0.692169 0.755618 1.03003
 0.0005 0.00444144 0.027261 0.0863477 0.179701 0.265374 0.366114 0.475809 0.58344 0.758596 0.893785
 0.0005 0.00384706 0.0292173 0.0864496 0.192515 0.288936 0.398653 0.515308 0.676711 0.738803 0.857648
 0.0005 0.00613276 0.0326919 0.0958765 0.188383 0.314485 0.409865 0.510973 0.650375 0.752692 0.946162
 0.0005 0.00436539 0.0319353 0.0840548 0.173684 0.300205 0.414272 0.498224 0.732483 0.72354 1.02606
 0.0005 0.00346015 0.0264803 0.0887773 0.154828 0.297921 0.400412 0.611604 0.651752 0.83968 1.03701
 0.0005 0.00610984 0.033452 0.0925935 0.180631 0.307612 0.4214 0.511037 0.724139 0.739578 0.85093
 0.0005 0.00876071 0.0417519 0.0990358 0.186726 0.290469 0.436516 0.578574 0.733675 1.06042 1.07243
 0.0005 0.0110878 0.0448518 0.104552 0.170065 0.3048 0.422116 0.62113 0.810731 0.862183 1.09233
 0.0005 0.00991681 0.0465057 0.111954 0.197598 0.302001 0.459375 0.551274 0.88061 0.61895 0.955
 0.0005 0.012076 0.0457614 0.0976284 0.204067 0.321797 0.466009 0.662299 0.844682 0.612367 1.244
 0.0005 0.0115221 0.0717922 0.151263 0.228241 0.338611 0.454851 0.583884 0.8425 0.82475 0.614833
 0.0005 0.0104305 0.0566951 0.114828 0.172926 0.329452 0.435725 0.61864 0.727898 0.836183 0.878
 0.0005 0.00589091 0.0628467 0.142493 0.206845 0.296869 0.518451 0.660291 0.889175 0.9545 0.577
