
Initial statistics: 12 variables; iteration 0; function evaluation 0; phase 1
Function value 4.1878337e+06; maximum gradient component mag 3.3370e+07
Var    Value     Gradient |Var    Value     Gradient |Var    Value     Gradient
  1 -0.01415  3.33696e+07 |  2  0.00000 -9.98880e+04 |  3  0.00000 -1.12034e+04
  4  0.00000 -2.40243e+03 |  5  0.00000 -1.12529e+03 |  6  0.00000 -7.19369e+02
  7  0.00000 -5.11945e+02 |  8  0.00000 -4.12130e+02 |  9  0.00000 -3.44773e+02
 10  0.00000 -2.88275e+02 | 11  0.00000 -2.94578e+02 | 12  0.00000 -2.71644e+02

Intermediate statistics: 12 variables; iteration 20; function evaluation 34; phase 1
Function value 1.8018390e+04; maximum gradient component mag 7.0190e+04
Var    Value     Gradient |Var    Value     Gradient |Var    Value     Gradient
  1 -0.57488  7.01895e+04 |  2  0.07738 -3.62401e+03 |  3  0.53406 -5.27719e+02
  4  1.95510 -6.48103e+01 |  5  3.62833  3.73114e+01 |  6  4.07575 -8.80139e-01
  7  4.74286 -5.60249e-01 |  8  5.11825  2.28107e+00 |  9  5.45198  2.75501e+00
 10  6.60620  3.16128e+01 | 11  4.45891 -4.45695e+01 | 12  5.38192  5.60995e+00
12 variables; iteration 40; function evaluation 54; phase 1
Function value 1.5046048e+04; maximum gradient component mag -1.5293e+03
Var    Value     Gradient |Var    Value     Gradient |Var    Value     Gradient
  1 -0.68125 -1.38600e+03 |  2  0.22475 -1.52931e+03 |  3  1.41216  3.04811e+02
  4  2.45072 -4.42708e+01 |  5  3.71098 -1.21250e+01 |  6  4.28257 -1.49803e+01
  7  5.00236 -3.72974e+00 |  8  5.22554 -4.20022e+00 |  9  5.54422 -4.04553e-01
 10  6.05890  3.78874e+00 | 11  5.26613 -4.45066e+00 | 12  5.28161  4.38261e-01
12 variables; iteration 60; function evaluation 74; phase 1
Function value 1.4681539e+04; maximum gradient component mag 5.4071e-04
Var    Value     Gradient |Var    Value     Gradient |Var    Value     Gradient
  1 -0.68077  5.40715e-04 |  2  0.63007  5.46718e-06 |  3  1.11500 -1.28541e-04
  4  2.67797 -6.52916e-05 |  5  3.83075 -1.99809e-05 |  6  4.48339  2.53075e-05
  7  5.06511 -1.93637e-05 |  8  5.30396 -6.77325e-05 |  9  5.55200 -8.67023e-06
 10  5.96728 -1.34491e-05 | 11  5.35258  1.82971e-05 | 12  5.27309 -5.06410e-06

 - final statistics:
12 variables; iteration 61; function evaluation 75
Function value 1.4682e+04; maximum gradient component mag 4.0494e-05
Exit code = 1;  converg criter 1.0000e-04
Var    Value     Gradient |Var    Value     Gradient |Var    Value     Gradient
  1 -0.68077 -8.50181e-07 |  2  0.63007  4.04938e-05 |  3  1.11500 -3.67596e-05
  4  2.67797 -7.01052e-06 |  5  3.83075  7.84785e-06 |  6  4.48339  1.61784e-05
  7  5.06511 -2.38776e-07 |  8  5.30397 -1.46839e-05 |  9  5.55200 -2.13969e-06
 10  5.96728 -4.91648e-06 | 11  5.35258  6.44263e-06 | 12  5.27310 -1.40745e-06

Initial statistics: 13 variables; iteration 0; function evaluation 0; phase 2
Function value 1.4681539e+04; maximum gradient component mag -2.7159e+04
Var    Value     Gradient |Var    Value     Gradient |Var    Value     Gradient
  1 -0.68077 -8.50064e-07 |  2 -0.18067 -2.71591e+04 |  3  0.63007  4.04938e-05
  4  1.11500 -3.67596e-05 |  5  2.67797 -7.01052e-06 |  6  3.83075  7.84785e-06
  7  4.48339  1.61784e-05 |  8  5.06511 -2.38776e-07 |  9  5.30397 -1.46839e-05
 10  5.55200 -2.13969e-06 | 11  5.96728 -4.91648e-06 | 12  5.35258  6.44263e-06
 13  5.27310 -1.40745e-06 |

Intermediate statistics: 13 variables; iteration 20; function evaluation 35; phase 2
Function value 3.3771924e+03; maximum gradient component mag 4.2177e+02
Var    Value     Gradient |Var    Value     Gradient |Var    Value     Gradient
  1 -0.75526  3.07388e+02 |  2  0.28106  4.21768e+02 |  3  1.02822  2.89567e+01
  4  0.43424 -1.11963e+02 |  5  0.76919  2.60885e+01 |  6  0.91349 -1.04424e+01
  7  1.01303  5.27731e+01 |  8  1.07019  4.06999e+01 |  9  1.05255  1.06413e+01
 10  1.04222 -2.41575e+01 | 11  1.06017 -6.38359e+01 | 12  0.98376  3.97218e+00
 13  0.96482  1.87959e+01 |

 - final statistics:
13 variables; iteration 35; function evaluation 50
Function value 3.3717e+03; maximum gradient component mag 1.6918e-05
Exit code = 1;  converg criter 1.0000e-04
Var    Value     Gradient |Var    Value     Gradient |Var    Value     Gradient
  1 -0.75658  1.69178e-05 |  2  0.27956 -1.18945e-05 |  3  1.01658 -3.53859e-07
  4  0.45433 -1.93987e-06 |  5  0.76181 -7.56198e-07 |  6  0.92350 -2.60547e-06
  7  0.98314 -1.02028e-06 |  8  1.04497  7.61374e-06 |  9  1.04899 -2.30631e-06
 10  1.06478  5.55103e-07 | 11  1.11814  1.84058e-06 | 12  0.98505  6.86836e-06
 13  0.95666 -4.62675e-06 |

Initial statistics: 14 variables; iteration 0; function evaluation 0; phase 3
Function value 3.3717361e+03; maximum gradient component mag -1.0229e+04
Var    Value     Gradient |Var    Value     Gradient |Var    Value     Gradient
  1 -0.75658  1.69178e-05 |  2  0.27956 -1.18945e-05 |  3 -0.13000 -1.02286e+04
  4  1.01658 -3.53855e-07 |  5  0.45433 -1.93987e-06 |  6  0.76181 -7.56198e-07
  7  0.92350 -2.60547e-06 |  8  0.98314 -1.02028e-06 |  9  1.04497  7.61374e-06
 10  1.04899 -2.30631e-06 | 11  1.06478  5.55103e-07 | 12  1.11814  1.84058e-06
 13  0.98505  6.86836e-06 | 14  0.95666 -4.62675e-06 |

Intermediate statistics: 14 variables; iteration 20; function evaluation 38; phase 3
Function value 3.1938969e+03; maximum gradient component mag 5.7845e-03
Var    Value     Gradient |Var    Value     Gradient |Var    Value     Gradient
  1 -0.72958  5.78447e-03 |  2  0.32849 -2.70869e-04 |  3 -0.09624 -2.39424e-03
  4  0.86189  4.00340e-04 |  5  0.49987  4.51251e-04 |  6  0.85256 -2.23561e-04
  7  1.01558  1.10629e-04 |  8  1.05146  8.59741e-05 |  9  1.08285  1.37921e-05
 10  1.05198 -1.86681e-05 | 11  1.03339 -3.32194e-05 | 12  1.05083 -2.02749e-05
 13  0.89729 -1.22077e-04 | 14  0.84559 -1.73422e-04 |

 - final statistics:
14 variables; iteration 22; function evaluation 40
Function value 3.1939e+03; maximum gradient component mag 5.3278e-05
Exit code = 1;  converg criter 1.0000e-04
Var    Value     Gradient |Var    Value     Gradient |Var    Value     Gradient
  1 -0.72958 -1.03883e-05 |  2  0.32849 -2.71550e-05 |  3 -0.09624  5.32780e-05
  4  0.86189 -4.85947e-07 |  5  0.49987 -1.59533e-06 |  6  0.85256 -3.08958e-06
  7  1.01558 -1.86796e-07 |  8  1.05146 -9.31525e-08 |  9  1.08285 -1.14237e-07
 10  1.05198 -1.18074e-07 | 11  1.03339 -1.73653e-07 | 12  1.05083  3.71186e-08
 13  0.89729  3.34238e-08 | 14  0.84559  4.78313e-07 |
 inner maxg = 4.4678767712e-04  Inner second time = 4.4678767712e-04  Inner f = 3.0474958593e+03
Newton raphson 1
 f = 3047.4958592427 max g = 2.1890550275e-09
Newton raphson 2
 f = 3047.4958592427 max g = 7.2042372068e-13

Initial statistics: 14 variables; iteration 0; function evaluation 0; phase 4
Function value 3.0575535e+03; maximum gradient component mag -3.3249e+03
Var    Value     Gradient |Var    Value     Gradient |Var    Value     Gradient
  1 -0.72958  1.77467e+03 |  2  0.32849  2.46631e+03 |  3 -0.09624 -3.32486e+03
  4  0.86189  2.80148e+02 |  5  0.49987 -6.67877e+01 |  6  0.85256  2.69081e+01
  7  1.01558  7.68024e+01 |  8  1.05146  9.84723e+01 |  9  1.08285  8.80021e+01
 10  1.05198  7.22604e+01 | 11  1.03339  6.56737e+01 | 12  1.05083  5.24948e+01
 13  0.89729  8.70479e+01 | 14  0.84559  1.29113e+02 |
 inner maxg = 3.7568212891e-04  Inner second time = 3.7568212891e-04  Inner f = 3.0474759675e+03
Newton raphson 1
 f = 3047.4759675165 max g = 1.5255502139e-09
Newton raphson 2
 f = 3047.4759675165 max g = 7.3768768871e-13
 inner maxg = 1.4766106630e-04  Inner second time = 1.4766106630e-04  Inner f = 3.0472779986e+03
Newton raphson 1
 f = 3047.2779986360 max g = 4.9408874821e-10
Newton raphson 2
 f = 3047.2779986360 max g = 8.8029583623e-13
 inner maxg = 8.6595176067e-05  Inner f = 3.0453929658e+03
Newton raphson 1
 f = 3045.3929657835 max g = 1.0866010869e-10
Newton raphson 2
 f = 3045.3929657835 max g = 8.3993922928e-13
 inner maxg = -8.9562191761e-04  Inner second time = -8.9562191761e-04  Inner f = 3.0358281194e+03
Newton raphson 1
 f = 3035.8281193924 max g = 1.0481508661e-08
Newton raphson 2
 f = 3035.8281193924 max g = 7.1370687138e-13
 inner maxg = -9.1448981662e-04  Inner second time = -9.1448981662e-04  Inner f = 3.0200686471e+03
Newton raphson 1
 f = 3020.0686469679 max g = 1.3800170784e-08
Newton raphson 2
 f = 3020.0686469679 max g = 9.2131857699e-13
 inner maxg = 2.3772138208e-04  Inner second time = 2.3772138208e-04  Inner f = 3.1039710967e+03
Newton raphson 1
 f = 3103.9710966780 max g = 5.1585158367e-10
Newton raphson 2
 f = 3103.9710966780 max g = 9.5323748894e-13
 inner maxg = 7.4294400803e-05  Inner f = 3.0175073620e+03
Newton raphson 1
 f = 3017.5073619661 max g = 2.1582247101e-10
Newton raphson 2
 f = 3017.5073619661 max g = 7.8981265972e-13
 inner maxg = 3.2104062926e-04  Inner second time = 3.2104062926e-04  Inner f = 3.0127955613e+03
Newton raphson 1
 f = 3012.7955613336 max g = 1.4486539190e-09
Newton raphson 2
 f = 3012.7955613336 max g = 1.2131962102e-12
 inner maxg = 5.0342606244e-04  Inner second time = 5.0342606244e-04  Inner f = 2.9749476840e+03
Newton raphson 1
 f = 2974.9476839398 max g = 4.0536577428e-09
Newton raphson 2
 f = 2974.9476839398 max g = 1.0831335828e-12
 inner maxg = -6.4766724596e-04  Inner second time = -6.4766724596e-04  Inner f = 2.9988161684e+03
Newton raphson 1
 f = 2998.8161683315 max g = 9.4034229292e-09
Newton raphson 2
 f = 2998.8161683315 max g = 1.2319034681e-12
 inner maxg = -7.6569124725e-04  Inner second time = -7.6569124725e-04  Inner f = 2.9555629091e+03
Newton raphson 1
 f = 2955.5629090314 max g = 1.0413931273e-08
Newton raphson 2
 f = 2955.5629090314 max g = 1.0750289547e-12
 inner maxg = 5.4371333000e-04  Inner second time = 5.4371333000e-04  Inner f = 3.1655060948e+03
Newton raphson 1
 f = 3165.5060947164 max g = 1.1533202102e-08
Newton raphson 2
 f = 3165.5060947164 max g = 1.0990097721e-12
 inner maxg = 7.4433501537e-04  Inner second time = 7.4433501537e-04  Inner f = 2.9539827101e+03
Newton raphson 1
 f = 2953.9827100631 max g = 9.7304110325e-09
Newton raphson 2
 f = 2953.9827100631 max g = 7.9791728780e-13
 inner maxg = -5.4797344974e-04  Inner second time = -5.4797344974e-04  Inner f = 3.0165882418e+03
Newton raphson 1
 f = 3016.5882418307 max g = 6.1705136972e-09
Newton raphson 2
 f = 3016.5882418307 max g = 1.2062573163e-12
 inner maxg = 5.1476970630e-04  Inner second time = 5.1476970630e-04  Inner f = 2.9539394120e+03
Newton raphson 1
 f = 2953.9394119896 max g = 5.7412862242e-09
Newton raphson 2
 f = 2953.9394119896 max g = 1.0229594949e-12
 inner maxg = 2.4899099441e-04  Inner second time = 2.4899099441e-04  Inner f = 2.9538582075e+03
Newton raphson 1
 f = 2953.8582075172 max g = 2.5886151001e-09
Newton raphson 2
 f = 2953.8582075172 max g = 1.7457146839e-12
 inner maxg = -3.1193252048e-04  Inner second time = -3.1193252048e-04  Inner f = 2.9537064903e+03
Newton raphson 1
 f = 2953.7064903264 max g = 2.1314604526e-09
Newton raphson 2
 f = 2953.7064903264 max g = 1.5386580898e-12
 inner maxg = -3.6941895985e-04  Inner second time = -3.6941895985e-04  Inner f = 2.9524478840e+03
Newton raphson 1
 f = 2952.4478840030 max g = 5.5555928746e-09
Newton raphson 2
 f = 2952.4478840030 max g = 1.0610401446e-12
 inner maxg = 6.0207976310e-04  Inner second time = 6.0207976310e-04  Inner f = 2.9498600396e+03
Newton raphson 1
 f = 2949.8600395800 max g = 4.9309676342e-09
Newton raphson 2
 f = 2949.8600395800 max g = 1.3249401576e-12
 inner maxg = -6.1470422158e-04  Inner second time = -6.1470422158e-04  Inner f = 2.9462360838e+03
Newton raphson 1
 f = 2946.2360837315 max g = 4.6886140595e-09
Newton raphson 2
 f = 2946.2360837315 max g = 1.4455103781e-12
 inner maxg = 6.1041231106e-04  Inner second time = 6.1041231106e-04  Inner f = 3.0264615343e+03
Newton raphson 1
 f = 3026.4615341222 max g = 1.5951110210e-08
Newton raphson 2
 f = 3026.4615341222 max g = 1.3949952304e-12
 inner maxg = 7.2076361004e-04  Inner second time = 7.2076361004e-04  Inner f = 2.9460761813e+03
Newton raphson 1
 f = 2946.0761811033 max g = 2.1752808443e-08
Newton raphson 2
 f = 2946.0761811033 max g = 1.4735990206e-12
 inner maxg = -6.2308747970e-04  Inner second time = -6.2308747970e-04  Inner f = 2.9459982380e+03
Newton raphson 1
 f = 2945.9982379233 max g = 1.6026536098e-08
Newton raphson 2
 f = 2945.9982379233 max g = 1.4432899320e-12
 inner maxg = -6.2234582140e-04  Inner second time = -6.2234582140e-04  Inner f = 2.9458619830e+03
Newton raphson 1
 f = 2945.8619828524 max g = 1.5992915436e-08
Newton raphson 2
 f = 2945.8619828524 max g = 1.4800383141e-12
 inner maxg = -7.0653507721e-04  Inner second time = -7.0653507721e-04  Inner f = 2.9445941612e+03
Newton raphson 1
 f = 2944.5941611781 max g = 4.7389245098e-09
Newton raphson 2
 f = 2944.5941611781 max g = 1.7609247394e-12
 inner maxg = -4.1197819376e-04  Inner second time = -4.1197819376e-04  Inner f = 2.9893374632e+03
Newton raphson 1
 f = 2989.3374631308 max g = 7.2973089793e-09
Newton raphson 2
 f = 2989.3374631308 max g = 1.0342837697e-12
 inner maxg = 6.5617100499e-04  Inner second time = 6.5617100499e-04  Inner f = 2.9445525562e+03
Newton raphson 1
 f = 2944.5525559933 max g = 2.6135888787e-08
Newton raphson 2
 f = 2944.5525559932 max g = 1.5403234244e-12
 inner maxg = -3.6803058343e-04  Inner second time = -3.6803058343e-04  Inner f = 2.9444694394e+03
Newton raphson 1
 f = 2944.4694394278 max g = 2.1639334769e-09
Newton raphson 2
 f = 2944.4694394278 max g = 8.2778228716e-13
 inner maxg = -4.1586280801e-04  Inner second time = -4.1586280801e-04  Inner f = 2.9436867691e+03
Newton raphson 1
 f = 2943.6867690560 max g = 2.0063977146e-09
Newton raphson 2
 f = 2943.6867690560 max g = 1.3279377598e-12
 inner maxg = -8.0806972268e-04  Inner second time = -8.0806972268e-04  Inner f = 2.9494146754e+03
Newton raphson 1
 f = 2949.4146751104 max g = 2.7952413273e-08
Newton raphson 2
 f = 2949.4146751104 max g = 1.4434009543e-12
 inner maxg = -8.0467890586e-04  Inner second time = -8.0467890586e-04  Inner f = 2.9435880584e+03
Newton raphson 1
 f = 2943.5880581119 max g = 2.6908126838e-08
Newton raphson 2
 f = 2943.5880581119 max g = 1.0886846979e-12
 inner maxg = -8.2250876190e-04  Inner second time = -8.2250876190e-04  Inner f = 2.9433874696e+03
Newton raphson 1
 f = 2943.3874695225 max g = 1.8773351193e-08
Newton raphson 2
 f = 2943.3874695225 max g = 9.5534691269e-13
 inner maxg = 7.5626917709e-04  Inner second time = 7.5626917709e-04  Inner f = 2.9417637491e+03
Newton raphson 1
 f = 2941.7637490129 max g = 8.7066744925e-09
Newton raphson 2
 f = 2941.7637490129 max g = 1.2376766279e-12
 inner maxg = -8.9207928599e-04  Inner second time = -8.9207928599e-04  Inner f = 2.9406113818e+03
Newton raphson 1
 f = 2940.6113817090 max g = 8.8359337624e-09
Newton raphson 2
 f = 2940.6113817090 max g = 1.1941558853e-12
 inner maxg = 5.0842462904e-04  Inner second time = 5.0842462904e-04  Inner f = 2.9406109853e+03
Newton raphson 1
 f = 2940.6109853138 max g = 2.4879053470e-09
Newton raphson 2
 f = 2940.6109853138 max g = 1.3496981310e-12

Intermediate statistics: 14 variables; iteration 20; function evaluation 35; phase 4
Function value 2.9499186e+03; maximum gradient component mag -8.7765e-01
Var    Value     Gradient |Var    Value     Gradient |Var    Value     Gradient
  1 -0.73319 -8.77647e-01 |  2  0.30698 -2.25714e-01 |  3 -0.10056  1.15813e-01
  4  0.57531  1.13151e-01 |  5  0.45982  1.04706e-01 |  6  0.76543  1.79878e-02
  7  0.89202  5.81256e-02 |  8  0.91789  4.72311e-02 |  9  0.95627  4.52518e-02
 10  0.94783  2.73865e-02 | 11  0.94200  3.28981e-02 | 12  0.97389  1.31745e-02
 13  0.82313  1.26367e-02 | 14  0.75887 -2.94486e-03 |
 inner maxg = -5.5937950261e-04  Inner second time = -5.5937950261e-04  Inner f = 2.9406112172e+03
Newton raphson 1
 f = 2940.6112169636 max g = 1.3508566266e-08
Newton raphson 2
 f = 2940.6112169636 max g = 1.2125855875e-12
 inner maxg = -8.0277116161e-04  Inner second time = -8.0277116161e-04  Inner f = 2.9406111247e+03
Newton raphson 1
 f = 2940.6111245870 max g = 8.9885010546e-09
Newton raphson 2
 f = 2940.6111245870 max g = 1.5023537969e-12
 inner maxg = -9.4435967279e-04  Inner second time = -9.4435967279e-04  Inner f = 2.9406111374e+03
Newton raphson 1
 f = 2940.6111372555 max g = 8.4389535360e-09
Newton raphson 2
 f = 2940.6111372555 max g = 1.3149481504e-12
 inner maxg = -9.3310063082e-04  Inner second time = -9.3310063082e-04  Inner f = 2.9406111374e+03
Newton raphson 1
 f = 2940.6111372488 max g = 8.3477558199e-09
Newton raphson 2
 f = 2940.6111372488 max g = 1.1334266858e-12

 - final statistics:
14 variables; iteration 24; function evaluation 39
Function value 2.9499e+03; maximum gradient component mag -1.5446e-05
Exit code = 1;  converg criter 1.0000e-04
Var    Value     Gradient |Var    Value     Gradient |Var    Value     Gradient
  1 -0.73318 -1.20143e-05 |  2  0.30698  1.40343e-05 |  3 -0.10056  1.41312e-05
  4  0.57523 -8.37949e-08 |  5  0.45977 -1.54459e-05 |  6  0.76540  2.02577e-06
  7  0.89196  1.54781e-06 |  8  0.91783 -9.93990e-07 |  9  0.95622 -8.05946e-07
 10  0.94779 -3.74522e-07 | 11  0.94196 -9.08654e-07 | 12  0.97386 -5.80796e-07
 13  0.82311 -1.82610e-06 | 14  0.75885 -2.91495e-06 |
 inner maxg = -9.3310063082e-04  Inner second time = -9.3310063082e-04  Inner f = 2.9406111374e+03
Newton raphson 1
 f = 2940.6111372488 max g = 8.3477558199e-09
Newton raphson 2
 f = 2940.6111372488 max g = 1.1334266858e-12
 inner maxg = -9.3309839025e-04  Inner second time = -9.3309839025e-04  Inner f = 2.9406111374e+03
Newton raphson 1
 f = 2940.6111372488 max g = 8.3477207369e-09
Newton raphson 2
 f = 2940.6111372488 max g = 1.4025447470e-12

Initial statistics: 15 variables; iteration 0; function evaluation 0; phase 5
Function value 2.9499186e+03; maximum gradient component mag -9.6812e+02
Var    Value     Gradient |Var    Value     Gradient |Var    Value     Gradient
  1 -0.73318 -1.20143e-05 |  2  0.30698  1.40343e-05 |  3 -0.10056  1.41312e-05
  4  0.57523 -8.37928e-08 |  5  0.45977 -1.54459e-05 |  6  0.76540  2.02577e-06
  7  0.89196  1.54782e-06 |  8  0.91783 -9.93991e-07 |  9  0.95622 -8.05947e-07
 10  0.94779 -3.74521e-07 | 11  0.94196 -9.08655e-07 | 12  0.97386 -5.80796e-07
 13  0.82311 -1.82610e-06 | 14  0.75885 -2.91495e-06 | 15 -0.38870 -9.68119e+02
 inner maxg = 4.5511334312e-04  Inner second time = 4.5511334312e-04  Inner f = 2.9405880809e+03
Newton raphson 1
 f = 2940.5880808146 max g = 8.9086706900e-09
Newton raphson 2
 f = 2940.5880808146 max g = 1.8108847755e-12
 inner maxg = -6.8752096574e-04  Inner second time = -6.8752096574e-04  Inner f = 2.9403577595e+03
Newton raphson 1
 f = 2940.3577594254 max g = 7.3350725632e-09
Newton raphson 2
 f = 2940.3577594254 max g = 2.1618262736e-12
 inner maxg = -6.1510425450e-04  Inner second time = -6.1510425450e-04  Inner f = 2.9380790322e+03
Newton raphson 1
 f = 2938.0790321310 max g = 8.0240541780e-09
Newton raphson 2
 f = 2938.0790321310 max g = 1.5888401705e-12
 inner maxg = 9.1007159110e-04  Inner second time = 9.1007159110e-04  Inner f = 2.9178624340e+03
Newton raphson 1
 f = 2917.8624339226 max g = 7.8330062436e-09
Newton raphson 2
 f = 2917.8624339226 max g = 1.2136958105e-12
 inner maxg = -6.4702356406e-04  Inner second time = -6.4702356406e-04  Inner f = 2.8966659673e+03
Newton raphson 1
 f = 2896.6659673271 max g = 2.5162741335e-09
Newton raphson 2
 f = 2896.6659673271 max g = 1.5144552279e-12
 inner maxg = 2.9513054845e-04  Inner second time = 2.9513054845e-04  Inner f = 2.8919029595e+03
Newton raphson 1
 f = 2891.9029595109 max g = 1.5209535853e-09
Newton raphson 2
 f = 2891.9029595109 max g = 1.3228307338e-12
 inner maxg = 6.7317972693e-04  Inner second time = 6.7317972693e-04  Inner f = 2.8865289574e+03
Newton raphson 1
 f = 2886.5289573903 max g = 9.4164556153e-09
Newton raphson 2
 f = 2886.5289573903 max g = 1.0328404798e-12
 inner maxg = -6.5894350018e-04  Inner second time = -6.5894350018e-04  Inner f = 2.8826807191e+03
Newton raphson 1
 f = 2882.6807190981 max g = 2.8651827022e-09
Newton raphson 2
 f = 2882.6807190981 max g = 1.2224665724e-12
 inner maxg = 8.2532361041e-04  Inner second time = 8.2532361041e-04  Inner f = 2.8801226808e+03
Newton raphson 1
 f = 2880.1226808143 max g = 9.8356249811e-09
Newton raphson 2
 f = 2880.1226808143 max g = 1.2685408279e-12
 inner maxg = 2.1564296341e-04  Inner second time = 2.1564296341e-04  Inner f = 2.8591495496e+03
Newton raphson 1
 f = 2859.1495495609 max g = 7.3542216761e-10
Newton raphson 2
 f = 2859.1495495609 max g = 1.3041789870e-12
 inner maxg = -3.3376154949e-04  Inner second time = -3.3376154949e-04  Inner f = 3.8607463341e+03
Newton raphson 1
 f = 3860.7463341073 max g = 1.5318984544e-09
Newton raphson 2
 f = 3860.7463341073 max g = 1.6070478281e-12
 inner maxg = -2.8486166410e-04  Inner second time = -2.8486166410e-04  Inner f = 2.8585688660e+03
Newton raphson 1
 f = 2858.5688660199 max g = 5.9292801224e-10
Newton raphson 2
 f = 2858.5688660199 max g = 1.3109513475e-12
 inner maxg = -8.0049728126e-04  Inner second time = -8.0049728126e-04  Inner f = 2.8626430301e+03
Newton raphson 1
 f = 2862.6430300738 max g = 1.0903913272e-08
Newton raphson 2
 f = 2862.6430300738 max g = 1.5397683129e-12
 inner maxg = -3.3888878043e-04  Inner second time = -3.3888878043e-04  Inner f = 2.8585200812e+03
Newton raphson 1
 f = 2858.5200812019 max g = 1.8954082848e-09
Newton raphson 2
 f = 2858.5200812019 max g = 1.2306822228e-12
 inner maxg = -3.9840274230e-04  Inner second time = -3.9840274230e-04  Inner f = 2.8584373661e+03
Newton raphson 1
 f = 2858.4373660703 max g = 1.2411538464e-09
Newton raphson 2
 f = 2858.4373660703 max g = 1.8216539388e-12
 inner maxg = -2.5373277551e-04  Inner second time = -2.5373277551e-04  Inner f = 2.8582863914e+03
Newton raphson 1
 f = 2858.2863913864 max g = 4.8256612595e-10
Newton raphson 2
 f = 2858.2863913864 max g = 1.7416068587e-12
 inner maxg = 6.7234269316e-05  Inner f = 2.8579923684e+03
Newton raphson 1
 f = 2857.9923683930 max g = 4.5258352621e-11
Newton raphson 2
 f = 2857.9923683930 max g = 1.7092993687e-12
 inner maxg = -9.2322608728e-04  Inner second time = -9.2322608728e-04  Inner f = 2.8552202693e+03
Newton raphson 1
 f = 2855.2202693324 max g = 1.0378371967e-08
Newton raphson 2
 f = 2855.2202693324 max g = 1.0956791030e-12
 inner maxg = -9.0649276141e-04  Inner second time = -9.0649276141e-04  Inner f = 2.8499709884e+03
Newton raphson 1
 f = 2849.9709883625 max g = 1.0277996232e-08
Newton raphson 2
 f = 2849.9709883625 max g = 1.3424816814e-12
 inner maxg = -3.6884229807e-04  Inner second time = -3.6884229807e-04  Inner f = 3.1303168527e+03
Newton raphson 1
 f = 3130.3168527060 max g = 1.2534213598e-09
Newton raphson 2
 f = 3130.3168527060 max g = 1.2383427617e-12
 inner maxg = -7.7586711512e-04  Inner second time = -7.7586711512e-04  Inner f = 2.8498798181e+03
Newton raphson 1
 f = 2849.8798180701 max g = 9.6055863333e-09
Newton raphson 2
 f = 2849.8798180701 max g = 1.3976597657e-12
 inner maxg = -5.0734860967e-04  Inner second time = -5.0734860967e-04  Inner f = 2.8497547608e+03
Newton raphson 1
 f = 2849.7547607742 max g = 3.1483180507e-09
Newton raphson 2
 f = 2849.7547607742 max g = 1.2418954753e-12
 inner maxg = 1.2925288316e-04  Inner second time = 1.2925288316e-04  Inner f = 2.8495190719e+03
Newton raphson 1
 f = 2849.5190718828 max g = 2.6468059168e-10
Newton raphson 2
 f = 2849.5190718828 max g = 1.3128387266e-12
 inner maxg = 2.5339358631e-04  Inner second time = 2.5339358631e-04  Inner f = 2.8473355202e+03
Newton raphson 1
 f = 2847.3355201783 max g = 7.0555949971e-10
Newton raphson 2
 f = 2847.3355201783 max g = 1.2088108292e-12
 inner maxg = -3.7653963976e-04  Inner second time = -3.7653963976e-04  Inner f = 2.8435585547e+03
Newton raphson 1
 f = 2843.5585547284 max g = 2.1354323865e-09
Newton raphson 2
 f = 2843.5585547284 max g = 1.9189094758e-12
 inner maxg = -7.0163389585e-04  Inner second time = -7.0163389585e-04  Inner f = 3.1145543640e+03
Newton raphson 1
 f = 3114.5543640309 max g = 8.4023087515e-09
Newton raphson 2
 f = 3114.5543640309 max g = 8.5353946133e-13
 inner maxg = -2.9081186105e-04  Inner second time = -2.9081186105e-04  Inner f = 2.8435128478e+03
Newton raphson 1
 f = 2843.5128478082 max g = 9.7400643106e-10
Newton raphson 2
 f = 2843.5128478082 max g = 1.5943912857e-12
 inner maxg = -1.4855163449e-04  Inner second time = -1.4855163449e-04  Inner f = 2.8434202218e+03
Newton raphson 1
 f = 2843.4202217788 max g = 1.4918347113e-10
Newton raphson 2
 f = 2843.4202217788 max g = 1.2199130595e-12
 inner maxg = 3.5303025986e-04  Inner second time = 3.5303025986e-04  Inner f = 2.8425429460e+03
Newton raphson 1
 f = 2842.5429459644 max g = 1.6633515676e-09
Newton raphson 2
 f = 2842.5429459644 max g = 1.2712053632e-12
 inner maxg = 3.0327923871e-04  Inner second time = 3.0327923871e-04  Inner f = 2.8408697188e+03
Newton raphson 1
 f = 2840.8697187550 max g = 6.8135125320e-10
Newton raphson 2
 f = 2840.8697187550 max g = 1.2029266472e-12
 inner maxg = 3.6530139916e-05  Inner f = 2.8378890474e+03
Newton raphson 1
 f = 2837.8890473594 max g = 3.4958855255e-11
Newton raphson 2
 f = 2837.8890473594 max g = 1.1701750680e-12
 inner maxg = -9.6638437269e-04  Inner second time = -9.6638437269e-04  Inner f = 2.8358939413e+03
Newton raphson 1
 f = 2835.8939412821 max g = 4.5166577978e-09
Newton raphson 2
 f = 2835.8939412821 max g = 1.3470335958e-12

Intermediate statistics: 15 variables; iteration 20; function evaluation 32; phase 5
Function value 2.8687065e+03; maximum gradient component mag 3.3646e+01
Var    Value     Gradient |Var    Value     Gradient |Var    Value     Gradient
  1 -0.75087 -4.13932e+00 |  2  0.30595  3.36461e+01 |  3 -0.10374 -8.90212e+00
  4  0.42715 -8.65454e+00 |  5  0.45545 -8.33836e-01 |  6  0.76090 -1.05201e+00
  7  0.88546 -9.34103e-01 |  8  0.91172 -6.15367e-01 |  9  0.95138  2.47373e-01
 10  0.94458  1.72385e-01 | 11  0.94038 -5.12533e-01 | 12  0.97459 -1.25059e-01
 13  0.82662  1.06181e+00 | 14  0.76437  1.67867e+00 | 15 -0.24140 -2.17104e+01
 inner maxg = 9.3700468242e-04  Inner second time = 9.3700468242e-04  Inner f = 2.8354814996e+03
Newton raphson 1
 f = 2835.4814996251 max g = 1.4400650818e-08
Newton raphson 2
 f = 2835.4814996251 max g = 1.1143308498e-12
 inner maxg = 4.2496122132e-04  Inner second time = 4.2496122132e-04  Inner f = 2.8351091335e+03
Newton raphson 1
 f = 2835.1091334468 max g = 8.6673502264e-09
Newton raphson 2
 f = 2835.1091334468 max g = 1.2649881143e-12
 inner maxg = 8.9344808322e-04  Inner second time = 8.9344808322e-04  Inner f = 2.8351027255e+03
Newton raphson 1
 f = 2835.1027254399 max g = 3.9569594767e-08
Newton raphson 2
 f = 2835.1027254399 max g = 1.2698730956e-12
 inner maxg = 1.9199679899e-04  Inner second time = 1.9199679899e-04  Inner f = 2.8351057738e+03
Newton raphson 1
 f = 2835.1057738139 max g = 1.4889118827e-09
Newton raphson 2
 f = 2835.1057738139 max g = 1.6620038679e-12
 inner maxg = 1.9157114586e-04  Inner second time = 1.9157114586e-04  Inner f = 2.8351066655e+03
Newton raphson 1
 f = 2835.1066655114 max g = 1.3949209010e-09
Newton raphson 2
 f = 2835.1066655114 max g = 1.1151080059e-12
 inner maxg = 1.9107026959e-04  Inner second time = 1.9107026959e-04  Inner f = 2.8351065468e+03
Newton raphson 1
 f = 2835.1065468448 max g = 1.3847744618e-09
Newton raphson 2
 f = 2835.1065468448 max g = 1.3089529460e-12
 inner maxg = 1.9108095405e-04  Inner second time = 1.9108095405e-04  Inner f = 2.8351065483e+03
Newton raphson 1
 f = 2835.1065483151 max g = 1.3846711000e-09
Newton raphson 2
 f = 2835.1065483151 max g = 1.6694423621e-12

 - final statistics:
15 variables; iteration 27; function evaluation 39
Function value 2.8686e+03; maximum gradient component mag 6.6551e-05
Exit code = 1;  converg criter 1.0000e-04
Var    Value     Gradient |Var    Value     Gradient |Var    Value     Gradient
  1 -0.75100  2.70326e-05 |  2  0.30558 -3.06552e-05 |  3 -0.10385  6.65513e-05
  4  0.42903 -8.00517e-07 |  5  0.45546 -7.21399e-07 |  6  0.76102  1.76250e-07
  7  0.88567  8.37986e-08 |  8  0.91185  6.81622e-07 |  9  0.95112 -4.67576e-07
 10  0.94449 -2.28007e-07 | 11  0.94082  9.15395e-08 | 12  0.97494 -6.56567e-07
 13  0.82644 -5.66193e-07 | 14  0.76401 -9.72813e-07 | 15 -0.23706  2.88444e-06
 inner maxg = 1.9108095405e-04  Inner second time = 1.9108095405e-04  Inner f = 2.8351065483e+03
Newton raphson 1
 f = 2835.1065483151 max g = 1.3846711000e-09
Newton raphson 2
 f = 2835.1065483151 max g = 1.6694423621e-12
 inner maxg = 1.0388430149e-04  Inner second time = 1.0388430149e-04  Inner f = 2.8341545928e+03
Newton raphson 1
 f = 2834.1545928013 max g = 1.8475032615e-10
Newton raphson 2
 f = 2834.1545928013 max g = 1.3846701563e-12

Initial statistics: 16 variables; iteration 0; function evaluation 0; phase 6
Function value 2.8677172e+03; maximum gradient component mag 1.2197e+02
Var    Value     Gradient |Var    Value     Gradient |Var    Value     Gradient
  1 -0.75100  2.50139e+00 |  2  0.30558  1.89674e+01 |  3 -0.10385 -2.82862e+01
  4  0.42903 -1.01042e-01 |  5  0.45546  1.32742e+00 |  6  0.76102  5.34529e-01
  7  0.88567  4.77142e-01 |  8  0.91185  5.41163e-01 |  9  0.95112  5.37678e-01
 10  0.94449  4.74216e-01 | 11  0.94082  4.63799e-01 | 12  0.97494  4.27239e-01
 13  0.82644  4.70605e-01 | 14  0.76401  6.73013e-01 | 15 -0.23706  1.21765e-02
 16 -0.29193  1.21973e+02 |
 inner maxg = 2.4387617340e-04  Inner second time = 2.4387617340e-04  Inner f = 2.8341596502e+03
Newton raphson 1
 f = 2834.1596502001 max g = 1.0029373998e-09
Newton raphson 2
 f = 2834.1596502001 max g = 1.3379297670e-12
 inner maxg = 6.1224264055e-04  Inner second time = 6.1224264055e-04  Inner f = 2.8343007871e+03
Newton raphson 1
 f = 2834.3007870769 max g = 3.2274389827e-09
Newton raphson 2
 f = 2834.3007870769 max g = 6.3427041397e-13
 inner maxg = 1.3882314182e-04  Inner second time = 1.3882314182e-04  Inner f = 2.8343667654e+03
Newton raphson 1
 f = 2834.3667653726 max g = 6.1725380363e-10
Newton raphson 2
 f = 2834.3667653726 max g = 1.5352163985e-12
 inner maxg = -5.1807092777e-04  Inner second time = -5.1807092777e-04  Inner f = 2.8353897659e+03
Newton raphson 1
 f = 2835.3897659217 max g = 3.1405740231e-09
Newton raphson 2
 f = 2835.3897659217 max g = 1.3757883721e-12
 inner maxg = 2.7171136959e-04  Inner second time = 2.7171136959e-04  Inner f = 2.8400002471e+03
Newton raphson 1
 f = 2840.0002470543 max g = 6.5809269145e-10
Newton raphson 2
 f = 2840.0002470543 max g = 4.2932324362e-13
 inner maxg = -2.1060076872e-04  Inner second time = -2.1060076872e-04  Inner f = 3.0175842530e+03
Newton raphson 1
 f = 3017.5842529776 max g = 1.4627380904e-09
Newton raphson 2
 f = 3017.5842529776 max g = 4.8916426465e-13
 inner maxg = 6.6521651333e-04  Inner second time = 6.6521651333e-04  Inner f = 2.8400064656e+03
Newton raphson 1
 f = 2840.0064655868 max g = 4.1389354166e-09
Newton raphson 2
 f = 2840.0064655868 max g = 3.6592950892e-13
 inner maxg = 6.0439639619e-04  Inner second time = 6.0439639619e-04  Inner f = 2.8400035564e+03
Newton raphson 1
 f = 2840.0035564232 max g = 3.3654634635e-09
Newton raphson 2
 f = 2840.0035564232 max g = 4.3909320624e-13
 inner maxg = 4.0384417513e-04  Inner second time = 4.0384417513e-04  Inner f = 2.8400139443e+03
Newton raphson 1
 f = 2840.0139442605 max g = 1.4739550691e-09
Newton raphson 2
 f = 2840.0139442605 max g = 6.2250204991e-13
 inner maxg = 9.1425019453e-04  Inner second time = 9.1425019453e-04  Inner f = 2.8404538330e+03
Newton raphson 1
 f = 2840.4538329704 max g = 8.4527322919e-09
Newton raphson 2
 f = 2840.4538329704 max g = 4.4186876380e-13
 inner maxg = -6.8751656334e-04  Inner second time = -6.8751656334e-04  Inner f = 2.8400986895e+03
Newton raphson 1
 f = 2840.0986895212 max g = 4.3680392636e-09
Newton raphson 2
 f = 2840.0986895212 max g = 4.4431125445e-13
 inner maxg = -6.1529028466e-04  Inner second time = -6.1529028466e-04  Inner f = 2.8399168883e+03
Newton raphson 1
 f = 2839.9168882711 max g = 3.3515468179e-09
Newton raphson 2
 f = 2839.9168882711 max g = 6.1572968946e-13
 inner maxg = 5.8937479950e-05  Inner f = 2.8399167357e+03
Newton raphson 1
 f = 2839.9167356835 max g = 4.2566838943e-11
Newton raphson 2
 f = 2839.9167356835 max g = 1.4076517729e-12
 inner maxg = 4.4171710268e-05  Inner f = 2.8399271142e+03
Newton raphson 1
 f = 2839.9271141827 max g = 2.0675877677e-11
Newton raphson 2
 f = 2839.9271141827 max g = 6.1406435492e-13
 inner maxg = 9.1718620701e-04  Inner second time = 9.1718620701e-04  Inner f = 2.8399271928e+03
Newton raphson 1
 f = 2839.9271927873 max g = 1.4899360967e-08
Newton raphson 2
 f = 2839.9271927872 max g = 4.6640469265e-13
 inner maxg = 2.6519217950e-04  Inner second time = 2.6519217950e-04  Inner f = 2.8405269487e+03
Newton raphson 1
 f = 2840.5269487097 max g = 9.4448315835e-10
Newton raphson 2
 f = 2840.5269487097 max g = 6.0174087935e-13
 inner maxg = -2.0136944420e-04  Inner second time = -2.0136944420e-04  Inner f = 2.8408646449e+03
Newton raphson 1
 f = 2840.8646449103 max g = 4.3266440430e-10
Newton raphson 2
 f = 2840.8646449103 max g = 6.4626082263e-13
 inner maxg = 6.4170186741e-04  Inner second time = 6.4170186741e-04  Inner f = 2.8401151014e+03
Newton raphson 1
 f = 2840.1151014123 max g = 8.0574151795e-09
Newton raphson 2
 f = 2840.1151014123 max g = 1.4209744492e-12
 inner maxg = -6.5042379359e-04  Inner second time = -6.5042379359e-04  Inner f = 2.8445530032e+03
Newton raphson 1
 f = 2844.5530031738 max g = 8.0012102499e-09
Newton raphson 2
 f = 2844.5530031738 max g = 5.1181281435e-13
 inner maxg = 7.4846086304e-04  Inner second time = 7.4846086304e-04  Inner f = 2.8402436465e+03
Newton raphson 1
 f = 2840.2436464646 max g = 4.3976080555e-09
Newton raphson 2
 f = 2840.2436464646 max g = 4.3620662638e-13
 inner maxg = 1.7282915490e-04  Inner second time = 1.7282915490e-04  Inner f = 2.8442151242e+03
Newton raphson 1
 f = 2844.2151241532 max g = 2.7192947893e-10
Newton raphson 2
 f = 2844.2151241532 max g = 5.7132076847e-13
 inner maxg = 5.4304049971e-04  Inner second time = 5.4304049971e-04  Inner f = 2.8402416639e+03
Newton raphson 1
 f = 2840.2416638593 max g = 5.1476189977e-09
Newton raphson 2
 f = 2840.2416638593 max g = 4.0745185004e-13
 inner maxg = 7.3601222664e-04  Inner second time = 7.3601222664e-04  Inner f = 2.8402385804e+03
Newton raphson 1
 f = 2840.2385803635 max g = 5.1028730130e-09
Newton raphson 2
 f = 2840.2385803635 max g = 4.0500935938e-13
 inner maxg = 4.6920666836e-04  Inner second time = 4.6920666836e-04  Inner f = 2.8402095121e+03
Newton raphson 1
 f = 2840.2095121225 max g = 3.0959599329e-09
Newton raphson 2
 f = 2840.2095121225 max g = 1.5520917884e-12
 inner maxg = 3.6668531430e-04  Inner second time = 3.6668531430e-04  Inner f = 2.8401595364e+03
Newton raphson 1
 f = 2840.1595364301 max g = 1.4668875004e-09
Newton raphson 2
 f = 2840.1595364301 max g = 1.5581980151e-12
 inner maxg = -2.9972852578e-04  Inner second time = -2.9972852578e-04  Inner f = 2.8396882368e+03
Newton raphson 1
 f = 2839.6882368016 max g = 8.5460494237e-10
Newton raphson 2
 f = 2839.6882368016 max g = 4.3565151486e-13
 inner maxg = -4.2263329704e-04  Inner second time = -4.2263329704e-04  Inner f = 2.8395868410e+03
Newton raphson 1
 f = 2839.5868410257 max g = 3.0839353293e-09
Newton raphson 2
 f = 2839.5868410257 max g = 6.1817218011e-13
 inner maxg = -2.6679280195e-04  Inner second time = -2.6679280195e-04  Inner f = 2.8396160821e+03
Newton raphson 1
 f = 2839.6160821056 max g = 6.7680450133e-10
Newton raphson 2
 f = 2839.6160821056 max g = 4.4364512064e-13
 inner maxg = 2.4230828903e-04  Inner second time = 2.4230828903e-04  Inner f = 2.8408386068e+03
Newton raphson 1
 f = 2840.8386068268 max g = 1.1026800584e-09
Newton raphson 2
 f = 2840.8386068268 max g = 1.6203705044e-12
 inner maxg = 8.9037091033e-04  Inner second time = 8.9037091033e-04  Inner f = 2.8396156606e+03
Newton raphson 1
 f = 2839.6156605552 max g = 7.4492041424e-09
Newton raphson 2
 f = 2839.6156605552 max g = 5.6588067565e-13
 inner maxg = 7.1942810491e-04  Inner second time = 7.1942810491e-04  Inner f = 2.8396151694e+03
Newton raphson 1
 f = 2839.6151694144 max g = 4.7920141188e-09
Newton raphson 2
 f = 2839.6151694144 max g = 3.9035441546e-13
 inner maxg = -9.0442716755e-04  Inner second time = -9.0442716755e-04  Inner f = 2.8396102681e+03
Newton raphson 1
 f = 2839.6102681126 max g = 9.7926928788e-09
Newton raphson 2
 f = 2839.6102681126 max g = 4.3598458177e-13
 inner maxg = -9.7428568283e-04  Inner second time = -9.7428568283e-04  Inner f = 2.8395622654e+03
Newton raphson 1
 f = 2839.5622654045 max g = 1.3670607979e-08
Newton raphson 2
 f = 2839.5622654045 max g = 4.2765790909e-13
 inner maxg = -9.6662988961e-04  Inner second time = -9.6662988961e-04  Inner f = 2.8412528214e+03
Newton raphson 1
 f = 2841.2528213449 max g = 9.1382004186e-09
Newton raphson 2
 f = 2841.2528213449 max g = 5.2502446835e-13
 inner maxg = -3.6076318294e-04  Inner second time = -3.6076318294e-04  Inner f = 2.8395618743e+03
Newton raphson 1
 f = 2839.5618742665 max g = 1.3662029286e-09
Newton raphson 2
 f = 2839.5618742665 max g = 3.9701575361e-13
 inner maxg = -3.8433126619e-04  Inner second time = -3.8433126619e-04  Inner f = 2.8395614147e+03
Newton raphson 1
 f = 2839.5614146931 max g = 1.5482315430e-09
Newton raphson 2
 f = 2839.5614146931 max g = 4.5141668181e-13
 inner maxg = -3.3331145251e-04  Inner second time = -3.3331145251e-04  Inner f = 2.8395568270e+03
Newton raphson 1
 f = 2839.5568269771 max g = 1.6993830787e-09
Newton raphson 2
 f = 2839.5568269771 max g = 1.5152323840e-12
 inner maxg = 1.7746946986e-04  Inner second time = 1.7746946986e-04  Inner f = 2.8395117513e+03
Newton raphson 1
 f = 2839.5117512770 max g = 7.9875150938e-10
Newton raphson 2
 f = 2839.5117512770 max g = 6.5791816439e-13

Intermediate statistics: 16 variables; iteration 20; function evaluation 38; phase 6
Function value 2.8630514e+03; maximum gradient component mag 1.9261e+01
Var    Value     Gradient |Var    Value     Gradient |Var    Value     Gradient
  1 -0.75109 -5.44038e+00 |  2  0.30642  3.99395e+00 |  3 -0.10368  1.92612e+01
  4  0.42892 -2.75943e-01 |  5  0.45723 -1.03741e+00 |  6  0.76435 -7.82202e-01
  7  0.89021  3.08150e-01 |  8  0.91602 -3.42785e-01 |  9  0.95512 -3.65851e-01
 10  0.94800  4.76573e-02 | 11  0.94400  1.63422e-01 | 12  0.97728 -4.31686e-01
 13  0.82869  1.73036e-01 | 14  0.76666 -1.49579e-03 | 15 -0.23696  1.59474e-01
 16 -0.35957 -1.38017e+00 |
 inner maxg = -1.7344099552e-04  Inner second time = -1.7344099552e-04  Inner f = 2.8394500625e+03
Newton raphson 1
 f = 2839.4500625402 max g = 1.1129444033e-09
Newton raphson 2
 f = 2839.4500625402 max g = 4.3742787170e-13
 inner maxg = -4.3490235604e-04  Inner second time = -4.3490235604e-04  Inner f = 2.8394496839e+03
Newton raphson 1
 f = 2839.4496838632 max g = 2.1899868585e-09
Newton raphson 2
 f = 2839.4496838632 max g = 4.3720582710e-13
 inner maxg = -4.7884062230e-04  Inner second time = -4.7884062230e-04  Inner f = 2.8394496842e+03
Newton raphson 1
 f = 2839.4496841777 max g = 2.4838251733e-09
Newton raphson 2
 f = 2839.4496841777 max g = 5.7720495050e-13
 inner maxg = -4.4550650338e-04  Inner second time = -4.4550650338e-04  Inner f = 2.8394496840e+03
Newton raphson 1
 f = 2839.4496839416 max g = 2.2577781034e-09
Newton raphson 2
 f = 2839.4496839416 max g = 1.3339329641e-12
 inner maxg = -4.4550650338e-04  Inner second time = -4.4550650338e-04  Inner f = 2.8394496840e+03
Newton raphson 1
 f = 2839.4496839416 max g = 2.2577781034e-09
Newton raphson 2
 f = 2839.4496839416 max g = 1.3339329641e-12
 inner maxg = -4.4550650338e-04  Inner second time = -4.4550650338e-04  Inner f = 2.8394496840e+03
Newton raphson 1
 f = 2839.4496839416 max g = 2.2577781034e-09
Newton raphson 2
 f = 2839.4496839416 max g = 1.3339329641e-12
 inner maxg = -4.4550654829e-04  Inner second time = -4.4550654829e-04  Inner f = 2.8394496840e+03
Newton raphson 1
 f = 2839.4496839416 max g = 2.2575315228e-09
Newton raphson 2
 f = 2839.4496839416 max g = 1.3820056211e-12
Newton raphson 3
 f = 2839.4496839416 max g = 1.3703482793e-12
36 16
Estimating row 1 out of 16 for hessian
 inner maxg = -9.6791953919e-04  Inner second time = -9.6791953919e-04  Inner f = 2.8394523292e+03
Newton raphson 1
 f = 2839.4523291035 max g = 2.4291551604e-08
Newton raphson 2
 f = 2839.4523291035 max g = 1.3264944698e-12
Newton raphson 3
 f = 2839.4523291035 max g = 1.3112844144e-12
 inner maxg = -2.0999738044e-04  Inner second time = -2.0999738044e-04  Inner f = 2.8394505766e+03
Newton raphson 1
 f = 2839.4505766413 max g = 1.0279666007e-09
Newton raphson 2
 f = 2839.4505766413 max g = 1.3294920720e-12
Newton raphson 3
 f = 2839.4505766413 max g = 1.3111733921e-12
 inner maxg = -9.2242682564e-04  Inner second time = -9.2242682564e-04  Inner f = 2.8394496528e+03
Newton raphson 1
 f = 2839.4496528248 max g = 9.2162932841e-09
Newton raphson 2
 f = 2839.4496528248 max g = 1.4411805083e-12
Newton raphson 3
 f = 2839.4496528248 max g = 1.4517276270e-12
 f = 2839.4496528248 max g = 1.4411805083e-12
 inner maxg = -1.2494386894e-04  Inner second time = -1.2494386894e-04  Inner f = 2.8394504851e+03
Newton raphson 1
 f = 2839.4504851140 max g = 3.7389891183e-10
Newton raphson 2
 f = 2839.4504851140 max g = 1.3419265699e-12
Newton raphson 3
 f = 2839.4504851140 max g = 1.3311574065e-12
Estimating row 2 out of 16 for hessian
 inner maxg = -7.2097083189e-04  Inner second time = -7.2097083189e-04  Inner f = 2.8394524609e+03
Newton raphson 1
 f = 2839.4524608927 max g = 7.8612575338e-09
Newton raphson 2
 f = 2839.4524608927 max g = 1.3810064203e-12
Newton raphson 3
 f = 2839.4524608927 max g = 1.3953282973e-12
 f = 2839.4524608927 max g = 1.3810064203e-12
 inner maxg = -7.0920662355e-04  Inner second time = -7.0920662355e-04  Inner f = 2.8394502977e+03
Newton raphson 1
 f = 2839.4502977064 max g = 8.7787855874e-09
Newton raphson 2
 f = 2839.4502977064 max g = 1.3667955656e-12
Newton raphson 3
 f = 2839.4502977064 max g = 1.3777867736e-12
 f = 2839.4502977064 max g = 1.3667955656e-12
 inner maxg = 6.4037854088e-04  Inner second time = 6.4037854088e-04  Inner f = 2.8394506200e+03
Newton raphson 1
 f = 2839.4506199279 max g = 1.3209109140e-08
Newton raphson 2
 f = 2839.4506199279 max g = 1.3860024239e-12
Newton raphson 3
 f = 2839.4506199279 max g = 1.4044321262e-12
 f = 2839.4506199279 max g = 1.3860024239e-12
 inner maxg = -8.6894673832e-04  Inner second time = -8.6894673832e-04  Inner f = 2.8394531060e+03
Newton raphson 1
 f = 2839.4531059950 max g = 8.2630393639e-09
Newton raphson 2
 f = 2839.4531059950 max g = 1.3735679261e-12
Newton raphson 3
 f = 2839.4531059950 max g = 1.4030998585e-12
 f = 2839.4531059950 max g = 1.3735679261e-12
Estimating row 3 out of 16 for hessian
 inner maxg = 3.1816304836e-04  Inner second time = 3.1816304836e-04  Inner f = 2.8394634504e+03
Newton raphson 1
 f = 2839.4634503886 max g = 9.0258744923e-10
Newton raphson 2
 f = 2839.4634503886 max g = 4.2887915441e-13
Newton raphson 3
 f = 2839.4634503886 max g = 4.3887116163e-13
 f = 2839.4634503886 max g = 4.2887915441e-13
 inner maxg = -9.6379074586e-04  Inner second time = -9.6379074586e-04  Inner f = 2.8394521939e+03
Newton raphson 1
 f = 2839.4521939071 max g = 1.0792127858e-08
Newton raphson 2
 f = 2839.4521939071 max g = 4.2199577166e-13
Newton raphson 3
 f = 2839.4521939071 max g = 4.2865710981e-13
 f = 2839.4521939071 max g = 4.2199577166e-13
 inner maxg = -7.7218122654e-04  Inner second time = -7.7218122654e-04  Inner f = 2.8394559117e+03
Newton raphson 1
 f = 2839.4559116640 max g = 1.6814413084e-08
Newton raphson 2
 f = 2839.4559116640 max g = 1.3972156765e-12
Newton raphson 3
 f = 2839.4559116640 max g = 1.3894441153e-12
 inner maxg = 3.8475842327e-04  Inner second time = 3.8475842327e-04  Inner f = 2.8394708683e+03
Newton raphson 1
 f = 2839.4708682525 max g = 1.3086904893e-09
Newton raphson 2
 f = 2839.4708682525 max g = 1.3926637621e-12
Newton raphson 3
 f = 2839.4708682525 max g = 1.3982148772e-12
 f = 2839.4708682525 max g = 1.3926637621e-12
Estimating row 4 out of 16 for hessian
 inner maxg = -8.8535998836e-04  Inner second time = -8.8535998836e-04  Inner f = 2.8394497631e+03
Newton raphson 1
 f = 2839.4497630829 max g = 8.4171214443e-09
Newton raphson 2
 f = 2839.4497630829 max g = 1.3924417175e-12
Newton raphson 3
 f = 2839.4497630829 max g = 1.3784529074e-12
 inner maxg = -9.1088395320e-04  Inner second time = -9.1088395320e-04  Inner f = 2.8394497071e+03
Newton raphson 1
 f = 2839.4497071153 max g = 5.4112734293e-09
Newton raphson 2
 f = 2839.4497071153 max g = 1.3880008254e-12
Newton raphson 3
 f = 2839.4497071153 max g = 1.3823386880e-12
 inner maxg = -6.7707744844e-04  Inner second time = -6.7707744844e-04  Inner f = 2.8394496936e+03
Newton raphson 1
 f = 2839.4496935382 max g = 7.9927371388e-09
Newton raphson 2
 f = 2839.4496935382 max g = 1.3749001937e-12
Newton raphson 3
 f = 2839.4496935382 max g = 1.3984369218e-12
 f = 2839.4496935382 max g = 1.3749001937e-12
 inner maxg = -8.9535373690e-04  Inner second time = -8.9535373690e-04  Inner f = 2.8394497359e+03
Newton raphson 1
 f = 2839.4497358817 max g = 7.8690820526e-09
Newton raphson 2
 f = 2839.4497358817 max g = 1.3800072196e-12
Newton raphson 3
 f = 2839.4497358817 max g = 1.3963274981e-12
 f = 2839.4497358817 max g = 1.3800072196e-12
Estimating row 5 out of 16 for hessian
 inner maxg = 3.8105735102e-04  Inner second time = 3.8105735102e-04  Inner f = 2.8394505583e+03
Newton raphson 1
 f = 2839.4505583286 max g = 4.7084737220e-09
Newton raphson 2
 f = 2839.4505583286 max g = 1.4004353233e-12
Newton raphson 3
 f = 2839.4505583286 max g = 1.3752332606e-12
 inner maxg = -8.1998236069e-04  Inner second time = -8.1998236069e-04  Inner f = 2.8394500939e+03
Newton raphson 1
 f = 2839.4500938620 max g = 5.6968960660e-09
Newton raphson 2
 f = 2839.4500938620 max g = 1.3953282973e-12
Newton raphson 3
 f = 2839.4500938620 max g = 1.3655743203e-12
 inner maxg = -2.2524027333e-04  Inner second time = -2.2524027333e-04  Inner f = 2.8394493286e+03
Newton raphson 1
 f = 2839.4493285598 max g = 7.9579631773e-10
Newton raphson 2
 f = 2839.4493285598 max g = 1.3993251002e-12
Newton raphson 3
 f = 2839.4493285598 max g = 1.3739009930e-12
 inner maxg = -7.5128622619e-04  Inner second time = -7.5128622619e-04  Inner f = 2.8394490277e+03
Newton raphson 1
 f = 2839.4490277090 max g = 9.8631538492e-09
Newton raphson 2
 f = 2839.4490277090 max g = 1.3850032232e-12
Newton raphson 3
 f = 2839.4490277090 max g = 1.3800072196e-12
Estimating row 6 out of 16 for hessian
 inner maxg = 6.4990810382e-04  Inner second time = 6.4990810382e-04  Inner f = 2.8394500173e+03
Newton raphson 1
 f = 2839.4500172077 max g = 1.3331578730e-08
Newton raphson 2
 f = 2839.4500172077 max g = 1.3697931678e-12
Newton raphson 3
 f = 2839.4500172077 max g = 1.3815615318e-12
 f = 2839.4500172077 max g = 1.3697931678e-12
 inner maxg = 8.0652479393e-04  Inner second time = 8.0652479393e-04  Inner f = 2.8394498395e+03
Newton raphson 1
 f = 2839.4498393782 max g = 3.6141058368e-08
Newton raphson 2
 f = 2839.4498393782 max g = 1.3843370894e-12
Newton raphson 3
 f = 2839.4498393782 max g = 1.3828937995e-12
 inner maxg = -4.9163394787e-04  Inner second time = -4.9163394787e-04  Inner f = 2.8394495509e+03
Newton raphson 1
 f = 2839.4495508966 max g = 2.2093837870e-09
Newton raphson 2
 f = 2839.4495508966 max g = 1.3707923685e-12
Newton raphson 3
 f = 2839.4495508966 max g = 1.4167556017e-12
 f = 2839.4495508966 max g = 1.3707923685e-12
 inner maxg = -2.6227284761e-04  Inner second time = -2.6227284761e-04  Inner f = 2.8394494402e+03
Newton raphson 1
 f = 2839.4494402418 max g = 1.4168817231e-09
Newton raphson 2
 f = 2839.4494402418 max g = 1.3866685578e-12
Newton raphson 3
 f = 2839.4494402418 max g = 1.3902212714e-12
 f = 2839.4494402418 max g = 1.3866685578e-12
Estimating row 7 out of 16 for hessian
 inner maxg = -1.7948842141e-04  Inner second time = -1.7948842141e-04  Inner f = 2.8394498228e+03
Newton raphson 1
 f = 2839.4498228410 max g = 5.9416671583e-10
Newton raphson 2
 f = 2839.4498228410 max g = 1.4126477765e-12
Newton raphson 3
 f = 2839.4498228410 max g = 1.3841150448e-12
 inner maxg = -9.9422363139e-04  Inner second time = -9.9422363139e-04  Inner f = 2.8394497447e+03
Newton raphson 1
 f = 2839.4497447134 max g = 8.3666535922e-09
Newton raphson 2
 f = 2839.4497447134 max g = 1.3883338923e-12
Newton raphson 3
 f = 2839.4497447134 max g = 1.3917755837e-12
 f = 2839.4497447134 max g = 1.3883338923e-12
 inner maxg = 2.5433654164e-04  Inner second time = 2.5433654164e-04  Inner f = 2.8394496405e+03
Newton raphson 1
 f = 2839.4496405249 max g = 1.5725320768e-09
Newton raphson 2
 f = 2839.4496405249 max g = 1.3745671268e-12
Newton raphson 3
 f = 2839.4496405249 max g = 1.4216405830e-12
 f = 2839.4496405249 max g = 1.3745671268e-12
 inner maxg = -1.4760165119e-04  Inner second time = -1.4760165119e-04  Inner f = 2.8394496145e+03
Newton raphson 1
 f = 2839.4496144626 max g = 1.0753331559e-09
Newton raphson 2
 f = 2839.4496144626 max g = 1.3820056211e-12
Newton raphson 3
 f = 2839.4496144626 max g = 1.3830048218e-12
 f = 2839.4496144626 max g = 1.3820056211e-12
Estimating row 8 out of 16 for hessian
 inner maxg = 3.6155847992e-04  Inner second time = 3.6155847992e-04  Inner f = 2.8394497197e+03
Newton raphson 1
 f = 2839.4497196841 max g = 4.2556276281e-09
Newton raphson 2
 f = 2839.4497196841 max g = 1.4193091147e-12
Newton raphson 3
 f = 2839.4497196841 max g = 1.3908874053e-12
 inner maxg = 9.6501637474e-04  Inner second time = 9.6501637474e-04  Inner f = 2.8394496937e+03
Newton raphson 1
 f = 2839.4496935528 max g = 4.9308827910e-08
Newton raphson 2
 f = 2839.4496935528 max g = 1.3788969966e-12
Newton raphson 3
 f = 2839.4496935528 max g = 1.3626877404e-12
 inner maxg = 7.1393206211e-04  Inner second time = 7.1393206211e-04  Inner f = 2.8394496909e+03
Newton raphson 1
 f = 2839.4496908498 max g = 1.5889300875e-08
Newton raphson 2
 f = 2839.4496908498 max g = 1.4082068844e-12
Newton raphson 3
 f = 2839.4496908498 max g = 1.3780088182e-12
 inner maxg = 8.3094289410e-04  Inner second time = 8.3094289410e-04  Inner f = 2.8394497144e+03
Newton raphson 1
 f = 2839.4497142768 max g = 2.1516565640e-08
Newton raphson 2
 f = 2839.4497142768 max g = 1.3720136138e-12
Newton raphson 3
 f = 2839.4497142768 max g = 1.3866685578e-12
 f = 2839.4497142768 max g = 1.3720136138e-12
Estimating row 9 out of 16 for hessian
 inner maxg = -2.3498920920e-04  Inner second time = -2.3498920920e-04  Inner f = 2.8394496611e+03
Newton raphson 1
 f = 2839.4496611166 max g = 1.2940335470e-09
Newton raphson 2
 f = 2839.4496611166 max g = 1.3886669592e-12
Newton raphson 3
 f = 2839.4496611166 max g = 1.3886669592e-12
 inner maxg = -4.6277399494e-04  Inner second time = -4.6277399494e-04  Inner f = 2.8394496649e+03
Newton raphson 1
 f = 2839.4496648562 max g = 1.9581818389e-09
Newton raphson 2
 f = 2839.4496648562 max g = 1.3676837440e-12
Newton raphson 3
 f = 2839.4496648562 max g = 1.4068746168e-12
 f = 2839.4496648562 max g = 1.3676837440e-12
 inner maxg = 7.8906039948e-04  Inner second time = 7.8906039948e-04  Inner f = 2.8394497185e+03
Newton raphson 1
 f = 2839.4497183723 max g = 3.4820925920e-08
Newton raphson 2
 f = 2839.4497183723 max g = 1.3660184095e-12
Newton raphson 3
 f = 2839.4497183723 max g = 1.3927747844e-12
 f = 2839.4497183723 max g = 1.3660184095e-12
 inner maxg = 6.4343140143e-04  Inner second time = 6.4343140143e-04  Inner f = 2.8394497682e+03
Newton raphson 1
 f = 2839.4497681477 max g = 1.3045356795e-08
Newton raphson 2
 f = 2839.4497681477 max g = 1.4038770146e-12
Newton raphson 3
 f = 2839.4497681477 max g = 1.3972156765e-12
Estimating row 10 out of 16 for hessian
 inner maxg = -1.8032888005e-04  Inner second time = -1.8032888005e-04  Inner f = 2.8394496455e+03
Newton raphson 1
 f = 2839.4496455326 max g = 5.7864357750e-10
Newton raphson 2
 f = 2839.4496455326 max g = 1.3838930002e-12
Newton raphson 3
 f = 2839.4496455326 max g = 1.4083179067e-12
 f = 2839.4496455326 max g = 1.3838930002e-12
 inner maxg = -2.3241232314e-04  Inner second time = -2.3241232314e-04  Inner f = 2.8394496569e+03
Newton raphson 1
 f = 2839.4496568731 max g = 6.6959571221e-10
Newton raphson 2
 f = 2839.4496568731 max g = 1.3922196729e-12
Newton raphson 3
 f = 2839.4496568731 max g = 1.3878898031e-12
 inner maxg = 3.7051192433e-04  Inner second time = 3.7051192433e-04  Inner f = 2.8394497268e+03
Newton raphson 1
 f = 2839.4497267374 max g = 3.7552150278e-09
Newton raphson 2
 f = 2839.4497267374 max g = 1.3928858067e-12
Newton raphson 3
 f = 2839.4497267374 max g = 1.3926637621e-12
 inner maxg = 5.1073997908e-04  Inner second time = 5.1073997908e-04  Inner f = 2.8394497853e+03
Newton raphson 1
 f = 2839.4497852601 max g = 7.6398354310e-09
Newton raphson 2
 f = 2839.4497852601 max g = 1.3689049894e-12
Newton raphson 3
 f = 2839.4497852601 max g = 1.4072076837e-12
 f = 2839.4497852601 max g = 1.3689049894e-12
Estimating row 11 out of 16 for hessian
 inner maxg = -7.3028886410e-04  Inner second time = -7.3028886410e-04  Inner f = 2.8394496281e+03
Newton raphson 1
 f = 2839.4496280842 max g = 5.2549469776e-09
Newton raphson 2
 f = 2839.4496280842 max g = 1.3967715873e-12
Newton raphson 3
 f = 2839.4496280842 max g = 1.3785639297e-12
 inner maxg = 2.5929892379e-04  Inner second time = 2.5929892379e-04  Inner f = 2.8394496481e+03
Newton raphson 1
 f = 2839.4496480863 max g = 2.3786739245e-09
Newton raphson 2
 f = 2839.4496480863 max g = 1.4033219031e-12
Newton raphson 3
 f = 2839.4496480863 max g = 1.3831158441e-12
 inner maxg = 5.8191183101e-04  Inner second time = 5.8191183101e-04  Inner f = 2.8394497357e+03
Newton raphson 1
 f = 2839.4497356495 max g = 1.0835993880e-08
Newton raphson 2
 f = 2839.4497356495 max g = 1.3793410858e-12
Newton raphson 3
 f = 2839.4497356495 max g = 1.3811174426e-12
 f = 2839.4497356495 max g = 1.3793410858e-12
 inner maxg = 1.6325931878e-04  Inner second time = 1.6325931878e-04  Inner f = 2.8394498032e+03
Newton raphson 1
 f = 2839.4498032095 max g = 1.1244969400e-09
Newton raphson 2
 f = 2839.4498032095 max g = 1.3867795801e-12
Newton raphson 3
 f = 2839.4498032095 max g = 1.4179768471e-12
 f = 2839.4498032095 max g = 1.3867795801e-12
Estimating row 12 out of 16 for hessian
 inner maxg = -1.7973443263e-04  Inner second time = -1.7973443263e-04  Inner f = 2.8394496215e+03
Newton raphson 1
 f = 2839.4496215452 max g = 5.8266125258e-10
Newton raphson 2
 f = 2839.4496215452 max g = 1.4023227024e-12
Newton raphson 3
 f = 2839.4496215452 max g = 1.3882228700e-12
 inner maxg = 7.5432266773e-05  Inner f = 2.8394496453e+03
Newton raphson 1
 f = 2839.4496453225 max g = 8.9063645348e-11
Newton raphson 2
 f = 2839.4496453225 max g = 1.3764545059e-12
Newton raphson 3
 f = 2839.4496453225 max g = 1.3764545059e-12
 inner maxg = 2.7651092726e-04  Inner second time = 2.7651092726e-04  Inner f = 2.8394497374e+03
Newton raphson 1
 f = 2839.4497374020 max g = 1.9356799219e-09
Newton raphson 2
 f = 2839.4497374020 max g = 1.3882228700e-12
Newton raphson 3
 f = 2839.4497374020 max g = 1.3851142455e-12
 inner maxg = 4.2109741220e-04  Inner second time = 4.2109741220e-04  Inner f = 2.8394498057e+03
Newton raphson 1
 f = 2839.4498057033 max g = 4.7576096396e-09
Newton raphson 2
 f = 2839.4498057033 max g = 1.3899992268e-12
Newton raphson 3
 f = 2839.4498057033 max g = 1.3834489110e-12
Estimating row 13 out of 16 for hessian
 inner maxg = -8.3244183271e-04  Inner second time = -8.3244183271e-04  Inner f = 2.8394496120e+03
Newton raphson 1
 f = 2839.4496120098 max g = 6.2908860343e-09
Newton raphson 2
 f = 2839.4496120098 max g = 1.3895551376e-12
Newton raphson 3
 f = 2839.4496120098 max g = 1.3962164758e-12
 f = 2839.4496120098 max g = 1.3895551376e-12
 inner maxg = -4.0915035042e-04  Inner second time = -4.0915035042e-04  Inner f = 2.8394496379e+03
Newton raphson 1
 f = 2839.4496378645 max g = 3.2126913352e-09
Newton raphson 2
 f = 2839.4496378645 max g = 1.3871126470e-12
Newton raphson 3
 f = 2839.4496378645 max g = 1.3871126470e-12
 inner maxg = 7.2522911570e-04  Inner second time = 7.2522911570e-04  Inner f = 2.8394497503e+03
Newton raphson 1
 f = 2839.4497502404 max g = 1.6404990033e-08
Newton raphson 2
 f = 2839.4497502404 max g = 1.3671286325e-12
Newton raphson 3
 f = 2839.4497502404 max g = 1.3933298959e-12
 f = 2839.4497502404 max g = 1.3671286325e-12
 inner maxg = 8.3660589662e-04  Inner second time = 8.3660589662e-04  Inner f = 2.8394498368e+03
Newton raphson 1
 f = 2839.4498367601 max g = 2.1803150396e-08
Newton raphson 2
 f = 2839.4498367601 max g = 1.3827827772e-12
Newton raphson 3
 f = 2839.4498367601 max g = 1.3856693570e-12
 f = 2839.4498367601 max g = 1.3827827772e-12
Estimating row 14 out of 16 for hessian
 inner maxg = -2.2343637100e-04  Inner second time = -2.2343637100e-04  Inner f = 2.8394495522e+03
Newton raphson 1
 f = 2839.4495522180 max g = 1.2430405594e-09
Newton raphson 2
 f = 2839.4495522180 max g = 1.3867795801e-12
Newton raphson 3
 f = 2839.4495522180 max g = 1.3845591340e-12
 inner maxg = -4.4514488359e-04  Inner second time = -4.4514488359e-04  Inner f = 2.8394496071e+03
Newton raphson 1
 f = 2839.4496070653 max g = 1.8122641166e-09
Newton raphson 2
 f = 2839.4496070653 max g = 1.3915535391e-12
Newton raphson 3
 f = 2839.4496070653 max g = 1.3995471448e-12
 f = 2839.4496070653 max g = 1.3915535391e-12
 inner maxg = 7.8523687042e-04  Inner second time = 7.8523687042e-04  Inner f = 2.8394497829e+03
Newton raphson 1
 f = 2839.4497828457 max g = 3.4000264382e-08
Newton raphson 2
 f = 2839.4497828457 max g = 1.3715695246e-12
Newton raphson 3
 f = 2839.4497828457 max g = 1.3909984276e-12
 f = 2839.4497828457 max g = 1.3715695246e-12
 inner maxg = 6.0742730697e-04  Inner second time = 6.0742730697e-04  Inner f = 2.8394499038e+03
Newton raphson 1
 f = 2839.4499037768 max g = 1.1472589656e-08
Newton raphson 2
 f = 2839.4499037768 max g = 1.3935519405e-12
Newton raphson 3
 f = 2839.4499037768 max g = 1.3786749520e-12
Estimating row 15 out of 16 for hessian
 inner maxg = -2.8539011600e-04  Inner second time = -2.8539011600e-04  Inner f = 2.8394831723e+03
Newton raphson 1
 f = 2839.4831722541 max g = 9.7319263759e-10
Newton raphson 2
 f = 2839.4831722541 max g = 1.3828937995e-12
Newton raphson 3
 f = 2839.4831722541 max g = 1.3813394872e-12
 inner maxg = -9.9195029619e-04  Inner second time = -9.9195029619e-04  Inner f = 2.8394664050e+03
Newton raphson 1
 f = 2839.4664049244 max g = 1.6404689607e-08
Newton raphson 2
 f = 2839.4664049244 max g = 1.5558665467e-12
Newton raphson 3
 f = 2839.4664049244 max g = 1.5830670108e-12
 f = 2839.4664049244 max g = 1.5558665467e-12
 inner maxg = -2.2839769267e-04  Inner second time = -2.2839769267e-04  Inner f = 2.8394330092e+03
Newton raphson 1
 f = 2839.4330092394 max g = 8.0196427277e-10
Newton raphson 2
 f = 2839.4330092394 max g = 1.5492052086e-12
Newton raphson 3
 f = 2839.4330092394 max g = 1.5604184611e-12
 f = 2839.4330092394 max g = 1.5492052086e-12
 inner maxg = 2.6220236866e-04  Inner second time = 2.6220236866e-04  Inner f = 2.8394163808e+03
Newton raphson 1
 f = 2839.4163807517 max g = 9.5123553479e-10
Newton raphson 2
 f = 2839.4163807517 max g = 1.4253043190e-12
Newton raphson 3
 f = 2839.4163807517 max g = 1.3956613643e-12
Estimating row 16 out of 16 for hessian
 inner maxg = 2.3169352619e-04  Inner second time = 2.3169352619e-04  Inner f = 2.8394777381e+03
Newton raphson 1
 f = 2839.4777380718 max g = 2.0986848370e-09
Newton raphson 2
 f = 2839.4777380718 max g = 1.3964385204e-12
Newton raphson 3
 f = 2839.4777380718 max g = 1.3826717549e-12
 inner maxg = -1.7822184738e-04  Inner second time = -1.7822184738e-04  Inner f = 2.8394636984e+03
Newton raphson 1
 f = 2839.4636983667 max g = 6.3150884522e-10
Newton raphson 2
 f = 2839.4636983667 max g = 1.3896661599e-12
Newton raphson 3
 f = 2839.4636983667 max g = 1.4009904348e-12
 f = 2839.4636983667 max g = 1.3896661599e-12
 inner maxg = -6.6732455572e-04  Inner second time = -6.6732455572e-04  Inner f = 2.8394356948e+03
Newton raphson 1
 f = 2839.4356947600 max g = 7.7663425690e-09
Newton raphson 2
 f = 2839.4356947600 max g = 1.4060974607e-12
Newton raphson 3
 f = 2839.4356947600 max g = 1.3828937995e-12
 inner maxg = -8.8541224677e-04  Inner second time = -8.8541224677e-04  Inner f = 2.8394217308e+03
Newton raphson 1
 f = 2839.4217307855 max g = 7.4705674979e-09
Newton raphson 2
 f = 2839.4217307855 max g = 1.3971046542e-12
Newton raphson 3
 f = 2839.4217307855 max g = 1.3981038549e-12
 f = 2839.4217307855 max g = 1.3971046542e-12
size of file gradfil1.tmp = 0
size of file gradfil2.tmp = 0
size of file varssave.tmp = 0
size of file cmpdiff.tmp = 0
